>>Sample 0
Message 0: [{'role': 'system', 'content': 'You are a helpful chemistry expert with extensive knowledge of drug design. '}, {'role': 'user', 'content': 'Can you make root_molecule = C1CC[C@@H](CCc2nc([C@@H]3CSCCO3)no2)[NH2+]C1 more soluble in water and decrease logP by at least 0.5. ? The output molecules should be similar to the input molecule. The molecule closest to the goal so far is current_best_mol = C1CC[C@@H](CCc2nc([C@@H]3CSCCO3)no2)[NH2+]C1. Start the modification from C1CC[C@@H](CCc2nc([C@@H]3CSCCO3)no2)[NH2+]C1.  Give me five new molecules different from root_molecule in SMILES only and list them using bullet points. No explanation is needed. '}]
AI answer 0: - C1CC[C@@H](CCc2nc([C@@H]3CSCCO3)no2)[NH2+]C1O  
- C1CC[C@@H](CCc2nc([C@@H]3CSCCO3)no2)[NH2+]C1C(=O)O  
- C1CC[C@@H](CCc2nc([C@@H]3CSCCO3)no2)[NH2+]C1N  
- C1CC[C@@H](CCc2nc([C@@H]3CSCCO3)no2)[NH2+]C1CC(=O)O  
- C1CC[C@@H](CCc2nc([C@@H]3CSCCO3)no2)[NH2+]C1OCC(=O)O
Acc = 1/1
Sim_hit = 0.6981132075471698/1
HV = 0.4758339622641509*1/1
----------------
>>Sample 1
Message 0: [{'role': 'system', 'content': 'You are a helpful chemistry expert with extensive knowledge of drug design. '}, {'role': 'user', 'content': 'Can you make root_molecule = C#CCOc1cc(F)ccc1NC(=O)C(=O)NCCc1ccncc1C more soluble in water and decrease logP by at least 0.5. ? The output molecules should be similar to the input molecule. The molecule closest to the goal so far is current_best_mol = C#CCOc1cc(F)ccc1NC(=O)C(=O)NCCc1ccncc1C. Start the modification from C#CCOc1cc(F)ccc1NC(=O)C(=O)NCCc1ccncc1C.  Give me five new molecules different from root_molecule in SMILES only and list them using bullet points. No explanation is needed. '}]
AI answer 0: - C#CCOc1cc(F)ccc1NC(=O)C(=O)NCCc1cc(O)ccn1  
- C#CCOc1cc(F)ccc1NC(=O)C(=O)NCCc1cc(O)cc(O)c1  
- C#CCOc1cc(F)ccc1NC(=O)C(=O)NCCc1ccncc1O  
- C#CCOc1cc(F)ccc1NC(=O)C(=O)NCCc1cc(O)ccn1C  
- C#CCOc1cc(F)ccc1NC(=O)C(=O)NCCc1cc(O)cc(O)c1C
Acc = 2/2
Sim_hit = 1.3543632075471699/2
HV = 0.8714345872641511*2/2
----------------
>>Sample 2
Message 0: [{'role': 'system', 'content': 'You are a helpful chemistry expert with extensive knowledge of drug design. '}, {'role': 'user', 'content': 'Can you make root_molecule = CCC[NH2+]Cc1ncoc1-c1c(F)cccc1F more soluble in water and decrease logP by at least 0.5. ? The output molecules should be similar to the input molecule. The molecule closest to the goal so far is current_best_mol = CCC[NH2+]Cc1ncoc1-c1c(F)cccc1F. Start the modification from CCC[NH2+]Cc1ncoc1-c1c(F)cccc1F.  Give me five new molecules different from root_molecule in SMILES only and list them using bullet points. No explanation is needed. '}]
AI answer 0: - CCC[NH2+]Cc1ncoc1-c1c(F)cccc1O  
- CCC[NH2+]Cc1ncoc1-c1c(F)cccc1N  
- CCC[NH2+]Cc1ncoc1-c1c(F)cccc1C(=O)O  
- CCC[NH2+]Cc1ncoc1-c1c(F)cccc1S(=O)(=O)O  
- CCC[NH2+]Cc1ncoc1-c1c(F)cccc1OC
Message 0: [{'role': 'system', 'content': 'You are a helpful chemistry expert with extensive knowledge of drug design. '}, {'role': 'user', 'content': 'Can you make root_molecule = CCC[NH2+]Cc1ncoc1-c1c(F)cccc1F more soluble in water and decrease logP by at least 0.5. ? The output molecules should be similar to the input molecule. The molecule closest to the goal so far is current_best_mol = CCC[NH2+]Cc1ncoc1-c1c(F)cccc1F. Start the modification from CCC[NH2+]Cc1ncoc1-c1c(F)cccc1F.  Give me five new molecules different from root_molecule in SMILES only and list them using bullet points. No explanation is needed. '}]
AI answer 0: - CCC[NH2+]Cc1ncoc1-c1c(F)cccc1O  
- CCC[NH2+]Cc1ncoc1-c1c(F)cccc1N  
- CCC[NH2+]Cc1ncoc1-c1c(F)cccc1C(=O)O  
- CCC[NH2+]Cc1ncoc1-c1c(F)cccc1S(=O)(=O)O  
- CCC[NH2+]Cc1ncoc1-c1c(F)cccc1OC
Acc = 3/3
Sim_hit = 2.1876965408805034/3
HV = 1.3355179205974848*3/3
----------------
>>Sample 3
Message 0: [{'role': 'system', 'content': 'You are a helpful chemistry expert with extensive knowledge of drug design. '}, {'role': 'user', 'content': 'Can you make root_molecule = CCc1ccc(NC(=O)CN2C(=O)C[C@H](c3ccccc3)Sc3ccccc32)cc1 more soluble in water and decrease logP by at least 0.5. ? The output molecules should be similar to the input molecule. The molecule closest to the goal so far is current_best_mol = CCc1ccc(NC(=O)CN2C(=O)C[C@H](c3ccccc3)Sc3ccccc32)cc1. Start the modification from CCc1ccc(NC(=O)CN2C(=O)C[C@H](c3ccccc3)Sc3ccccc32)cc1.  Give me five new molecules different from root_molecule in SMILES only and list them using bullet points. No explanation is needed. '}]
AI answer 0: - CCc1ccc(NC(=O)CN2C(=O)C[C@H](c3ccccc3)Sc3cc(O)ccc32)cc1  
- CCc1ccc(NC(=O)CN2C(=O)C[C@H](c3ccccc3)Sc3cc(O)cc(O)c32)cc1  
- CCc1ccc(NC(=O)CN2C(=O)C[C@H](c3ccccc3)Sc3cc(O)cc(O)c32)cc1O  
- CCc1ccc(NC(=O)CN2C(=O)C[C@H](c3ccccc3)Sc3cc(O)cc(O)c32)cc1N  
- CCc1ccc(NC(=O)CN2C(=O)C[C@H](c3ccccc3)Sc3cc(O)cc(O)c32)cc1C(=O)O
Message 0: [{'role': 'system', 'content': 'You are a helpful chemistry expert with extensive knowledge of drug design. '}, {'role': 'user', 'content': 'Can you make root_molecule = CCc1ccc(NC(=O)CN2C(=O)C[C@H](c3ccccc3)Sc3ccccc32)cc1 more soluble in water and decrease logP by at least 0.5. ? The output molecules should be similar to the input molecule. The molecule closest to the goal so far is current_best_mol = CCc1ccc(NC(=O)CN2C(=O)C[C@H](c3ccccc3)Sc3ccccc32)cc1. Start the modification from CCc1ccc(NC(=O)CN2C(=O)C[C@H](c3ccccc3)Sc3ccccc32)cc1.  Give me five new molecules different from root_molecule in SMILES only and list them using bullet points. No explanation is needed. '}]
AI answer 0: - CCc1ccc(NC(=O)CN2C(=O)C[C@H](c3ccccc3)Sc3cc(O)ccc32)cc1  
- CCc1ccc(NC(=O)CN2C(=O)C[C@H](c3ccccc3)Sc3cc(O)cc(O)c32)cc1  
- CCc1ccc(NC(=O)CN2C(=O)C[C@H](c3ccccc3)Sc3cc(O)cc(O)c32)cc1O  
- CCc1ccc(NC(=O)CN2C(=O)C[C@H](c3ccccc3)Sc3cc(O)cc(O)c32)cc1N  
- CCc1ccc(NC(=O)CN2C(=O)C[C@H](c3ccccc3)Sc3cc(O)cc(O)c32)cc1C(=O)O
Acc = 4/4
Sim_hit = 2.897373960235342/4
HV = 1.753375985113613*4/4
----------------
>>Sample 4
Message 0: [{'role': 'system', 'content': 'You are a helpful chemistry expert with extensive knowledge of drug design. '}, {'role': 'user', 'content': 'Can you make root_molecule = CCC[C@H]1CCc2c(sc(NC(=O)c3cccs3)c2C(N)=O)C1 more soluble in water and decrease logP by at least 0.5. ? The output molecules should be similar to the input molecule. The molecule closest to the goal so far is current_best_mol = CCC[C@H]1CCc2c(sc(NC(=O)c3cccs3)c2C(N)=O)C1. Start the modification from CCC[C@H]1CCc2c(sc(NC(=O)c3cccs3)c2C(N)=O)C1.  Give me five new molecules different from root_molecule in SMILES only and list them using bullet points. No explanation is needed. '}]
AI answer 0: - CCC[C@H]1CCc2c(sc(NC(=O)c3cccs3)c2C(O)=O)C1  
- CCC[C@H]1CCc2c(sc(NC(=O)c3cc(O)ccs3)c2C(N)=O)C1  
- CCC[C@H]1CCc2c(sc(NC(=O)c3cccs3)c2C(N)=O)C1(O)  
- CCC[C@H]1CCc2c(sc(NC(=O)c3cccs3)c2C(N)=O)C1C(O)=O  
- CCC[C@H]1CCc2c(sc(NC(=O)c3cccs3)c2C(N)=O)C1C(O)C(O)
Message 0: [{'role': 'system', 'content': 'You are a helpful chemistry expert with extensive knowledge of drug design. '}, {'role': 'user', 'content': 'Can you make root_molecule = CCC[C@H]1CCc2c(sc(NC(=O)c3cccs3)c2C(N)=O)C1 more soluble in water and decrease logP by at least 0.5. ? The output molecules should be similar to the input molecule. The molecule closest to the goal so far is current_best_mol = CCC[C@H]1CCc2c(sc(NC(=O)c3cccs3)c2C(N)=O)C1. Start the modification from CCC[C@H]1CCc2c(sc(NC(=O)c3cccs3)c2C(N)=O)C1.  Give me five new molecules different from root_molecule in SMILES only and list them using bullet points. No explanation is needed. '}]
AI answer 0: - CCC[C@H]1CCc2c(sc(NC(=O)c3cccs3)c2C(O)=O)C1  
- CCC[C@H]1CCc2c(sc(NC(=O)c3cccs3)c2C(N)=O)C1(O)  
- CCC[C@H]1CCc2c(sc(NC(=O)c3cccs3)c2C(N)=O)C1(O)C(O)  
- CCC[C@H]1CCc2c(sc(NC(=O)c3cccs3)c2C(N)=O)C1(O)C(O)C(O)  
- CCC[C@H]1CCc2c(sc(NC(=O)c3cccs3)c2C(N)=O)C1(O)C(O)C(O)C(O)
Acc = 5/5
Sim_hit = 3.5640406269020084/5
HV = 2.092775985113613*5/5
----------------
>>Sample 5
Message 0: [{'role': 'system', 'content': 'You are a helpful chemistry expert with extensive knowledge of drug design. '}, {'role': 'user', 'content': 'Can you make root_molecule = COC(=O)C(C)(C)[C@H]1CCC[NH+](Cc2nc3cc(Cl)ccc3n2C)C1 more soluble in water and decrease logP by at least 0.5. ? The output molecules should be similar to the input molecule. The molecule closest to the goal so far is current_best_mol = COC(=O)C(C)(C)[C@H]1CCC[NH+](Cc2nc3cc(Cl)ccc3n2C)C1. Start the modification from COC(=O)C(C)(C)[C@H]1CCC[NH+](Cc2nc3cc(Cl)ccc3n2C)C1.  Give me five new molecules different from root_molecule in SMILES only and list them using bullet points. No explanation is needed. '}]
AI answer 0: - COC(=O)C(C)(C)[C@H]1CCC[NH+](Cc2nc3cc(Cl)ccc3n2C(O))C1  
- COC(=O)C(C)(C)[C@H]1CCC[NH+](Cc2nc3cc(Cl)ccc3n2C(O)C)C1  
- COC(=O)C(C)(C)[C@H]1CCC[NH+](Cc2nc3cc(Cl)ccc3n2C(O)CC)C1  
- COC(=O)C(C)(C)[C@H]1CCC[NH+](Cc2nc3cc(Cl)ccc3n2C(O)C(O))C1  
- COC(=O)C(C)(C)[C@H]1CCC[NH+](Cc2nc3cc(Cl)ccc3n2C(O)C(O)C)C1
Acc = 6/6
Sim_hit = 4.370492239805234/6
HV = 2.5663243722103877*6/6
----------------
>>Sample 6
Message 0: [{'role': 'system', 'content': 'You are a helpful chemistry expert with extensive knowledge of drug design. '}, {'role': 'user', 'content': 'Can you make root_molecule = Cc1ccc([N+](=O)[O-])cc1OC(=O)[C@H]1CC(=O)Nc2ccccc21 more soluble in water and decrease logP by at least 0.5. ? The output molecules should be similar to the input molecule. The molecule closest to the goal so far is current_best_mol = Cc1ccc([N+](=O)[O-])cc1OC(=O)[C@H]1CC(=O)Nc2ccccc21. Start the modification from Cc1ccc([N+](=O)[O-])cc1OC(=O)[C@H]1CC(=O)Nc2ccccc21.  Give me five new molecules different from root_molecule in SMILES only and list them using bullet points. No explanation is needed. '}]
AI answer 0: - Cc1ccc([N+](=O)[O-])cc1OC(=O)[C@H]1CC(=O)Nc2cc(O)ccc21  
- Cc1ccc([N+](=O)[O-])cc1OC(=O)[C@H]1CC(=O)Nc2cc(CO)ccc21  
- Cc1ccc([N+](=O)[O-])cc1OC(=O)[C@H]1CC(=O)Nc2cc(N)ccc21  
- Cc1ccc([N+](=O)[O-])cc1OC(=O)[C@H]1CC(=O)Nc2cc(CN)ccc21  
- Cc1ccc([N+](=O)[O-])cc1OC(=O)[C@H]1CC(=O)Nc2cc(OCC)ccc21
Message 0: [{'role': 'system', 'content': 'You are a helpful chemistry expert with extensive knowledge of drug design. '}, {'role': 'user', 'content': 'Can you make root_molecule = Cc1ccc([N+](=O)[O-])cc1OC(=O)[C@H]1CC(=O)Nc2ccccc21 more soluble in water and decrease logP by at least 0.5. ? The output molecules should be similar to the input molecule. The molecule closest to the goal so far is current_best_mol = Cc1ccc([N+](=O)[O-])cc1OC(=O)[C@H]1CC(=O)Nc2ccccc21. Start the modification from Cc1ccc([N+](=O)[O-])cc1OC(=O)[C@H]1CC(=O)Nc2ccccc21.  Give me five new molecules different from root_molecule in SMILES only and list them using bullet points. No explanation is needed. '}]
AI answer 0: - Cc1ccc([N+](=O)[O-])cc1OC(=O)[C@H]1CC(=O)Nc2cc(O)ccc21  
- Cc1ccc([N+](=O)[O-])cc1OC(=O)[C@H]1CC(=O)Nc2cc(O)cc(O)c21  
- Cc1ccc([N+](=O)[O-])cc1OC(=O)[C@H]1CC(=O)Nc2cc(O)c(O)cc21  
- Cc1ccc([N+](=O)[O-])cc1OC(=O)[C@H]1CC(=O)Nc2cc(O)c(O)c(O)c21  
- Cc1ccc([N+](=O)[O-])cc1OC(=O)[C@H]1CC(=O)Nc2cc(O)c(O)c(O)c21
Acc = 7/7
Sim_hit = 5.0538255731385675/7
HV = 2.9686710388770545*7/7
----------------
>>Sample 7
Message 0: [{'role': 'system', 'content': 'You are a helpful chemistry expert with extensive knowledge of drug design. '}, {'role': 'user', 'content': 'Can you make root_molecule = C[C@H](NCC(C)(C)[NH+]1CCN(C)CC1)c1ccc(Cl)s1 more soluble in water and decrease logP by at least 0.5. ? The output molecules should be similar to the input molecule. The molecule closest to the goal so far is current_best_mol = C[C@H](NCC(C)(C)[NH+]1CCN(C)CC1)c1ccc(Cl)s1. Start the modification from C[C@H](NCC(C)(C)[NH+]1CCN(C)CC1)c1ccc(Cl)s1.  Give me five new molecules different from root_molecule in SMILES only and list them using bullet points. No explanation is needed. '}]
AI answer 0: - C[C@H](NCC(C)(C)[NH+]1CCN(C)CC1)c1ccc(Cl)s1O  
- C[C@H](NCC(C)(C)[NH+]1CCN(C)CC1)c1ccc(Cl)s1[N+](=O)[O-]  
- C[C@H](NCC(C)(C)[NH+]1CCN(C)CC1)c1ccc(Cl)s1C(=O)O  
- C[C@H](NCC(C)(C)[NH+]1CCN(C)CC1)c1ccc(Cl)s1C(O)O  
- C[C@H](NCC(C)(C)[NH+]1CCN(C)CC1)c1ccc(Cl)s1C(O)
All nodes in last layer is invalid, Tree search process ends.
Acc = 7/7
Sim_hit = 5.0538255731385675/7
HV = 2.9686710388770545*7/7
----------------
>>Sample 8
Message 0: [{'role': 'system', 'content': 'You are a helpful chemistry expert with extensive knowledge of drug design. '}, {'role': 'user', 'content': 'Can you make root_molecule = N#Cc1c(NC(=O)c2ccc(Br)nc2)sc2c1CCC2 more soluble in water and decrease logP by at least 0.5. ? The output molecules should be similar to the input molecule. The molecule closest to the goal so far is current_best_mol = N#Cc1c(NC(=O)c2ccc(Br)nc2)sc2c1CCC2. Start the modification from N#Cc1c(NC(=O)c2ccc(Br)nc2)sc2c1CCC2.  Give me five new molecules different from root_molecule in SMILES only and list them using bullet points. No explanation is needed. '}]
AI answer 0: - N#Cc1c(NC(=O)c2ccc(Br)nc2)sc2c1CC(O)C2  
- N#Cc1c(NC(=O)c2ccc(Br)nc2)sc2c1CC(N)C2  
- N#Cc1c(NC(=O)c2ccc(Br)nc2)sc2c1CC(O)=O  
- N#Cc1c(NC(=O)c2ccc(Br)nc2)sc2c1CC(O)C(O)C2  
- N#Cc1c(NC(=O)c2ccc(Br)nc2)sc2c1CC(N)C(O)C2
Acc = 8/8
Sim_hit = 5.784594803907798/8
HV = 3.7207787311847476*8/8
----------------
>>Sample 9
Message 0: [{'role': 'system', 'content': 'You are a helpful chemistry expert with extensive knowledge of drug design. '}, {'role': 'user', 'content': 'Can you make root_molecule = Nc1c(NCc2ccccc2)ncnc1Nc1ccccc1F more soluble in water and decrease logP by at least 0.5. ? The output molecules should be similar to the input molecule. The molecule closest to the goal so far is current_best_mol = Nc1c(NCc2ccccc2)ncnc1Nc1ccccc1F. Start the modification from Nc1c(NCc2ccccc2)ncnc1Nc1ccccc1F.  Give me five new molecules different from root_molecule in SMILES only and list them using bullet points. No explanation is needed. '}]
AI answer 0: - Nc1c(NCc2ccccc2)ncnc1Nc1cc(O)ccc1F  
- Nc1c(NCc2ccccc2)ncnc1Nc1cc(O)ccc1F  
- Nc1c(NCc2ccccc2)ncnc1Nc1ccc(O)cc1F  
- Nc1c(NCc2ccccc2)ncnc1Nc1cc(O)ccc1F  
- Nc1c(NCc2ccccc2)ncnc1Nc1cc(O)ccc1F
Message 0: [{'role': 'system', 'content': 'You are a helpful chemistry expert with extensive knowledge of drug design. '}, {'role': 'user', 'content': 'Can you make root_molecule = Nc1c(NCc2ccccc2)ncnc1Nc1ccccc1F more soluble in water and decrease logP by at least 0.5. ? The output molecules should be similar to the input molecule. The molecule closest to the goal so far is current_best_mol = Nc1c(NCc2ccccc2)ncnc1Nc1ccccc1F. Start the modification from Nc1c(NCc2ccccc2)ncnc1Nc1ccccc1F.  Give me five new molecules different from root_molecule in SMILES only and list them using bullet points. No explanation is needed. '}]
AI answer 0: - Nc1c(NCc2ccccc2)ncnc1Nc1cc(O)ccc1F  
- Nc1c(NCc2ccccc2)ncnc1Nc1cc(O)cc(O)c1F  
- Nc1c(NCc2ccccc2)ncnc1Nc1cc(O)ccc1O  
- Nc1c(NCc2ccccc2)ncnc1Nc1cc(O)cc(O)c1O  
- Nc1c(NCc2ccccc2)ncnc1Nc1cc(O)ccc1F
Acc = 9/9
Sim_hit = 6.430428137241131/9
HV = 4.101045397851415*9/9
----------------
>>Sample 10
Message 0: [{'role': 'system', 'content': 'You are a helpful chemistry expert with extensive knowledge of drug design. '}, {'role': 'user', 'content': 'Can you make root_molecule = O=C(NCCC(=O)N1CCCCC1)[C@H]1C[C@@H]1c1cccc(Br)c1 more soluble in water and decrease logP by at least 0.5. ? The output molecules should be similar to the input molecule. The molecule closest to the goal so far is current_best_mol = O=C(NCCC(=O)N1CCCCC1)[C@H]1C[C@@H]1c1cccc(Br)c1. Start the modification from O=C(NCCC(=O)N1CCCCC1)[C@H]1C[C@@H]1c1cccc(Br)c1.  Give me five new molecules different from root_molecule in SMILES only and list them using bullet points. No explanation is needed. '}]
AI answer 0: - O=C(NCCC(=O)N1CCCCC1)[C@H]1C[C@@H]1c1cccc(Br)c1O  
- O=C(NCCC(=O)N1CCCCC1)[C@H]1C[C@@H]1c1cccc(Br)c1N  
- O=C(NCCC(=O)N1CCCCC1)[C@H]1C[C@@H]1c1cccc(Br)c1C(=O)O  
- O=C(NCCC(=O)N1CCCCC1)[C@H]1C[C@@H]1c1cccc(Br)c1S(=O)(=O)O  
- O=C(NCCC(=O)N1CCCCC1)[C@H]1C[C@@H]1c1cccc(Br)c1C(O)O
