>>Sample 0
Message 0: [{'role': 'system', 'content': 'You are a helpful chemistry expert with extensive knowledge of drug design. '}, {'role': 'user', 'content': 'Can you make root_molecule = C1CC[C@@H](CCc2nc([C@@H]3CSCCO3)no2)[NH2+]C1 more soluble in water and decrease logP by at least 0. ? The output molecules should be similar to the input molecule. The molecule closest to the goal so far is current_best_mol = C1CC[C@@H](CCc2nc([C@@H]3CSCCO3)no2)[NH2+]C1. Start the modification from C1CC[C@@H](CCc2nc([C@@H]3CSCCO3)no2)[NH2+]C1.  Give me five new molecules different from root_molecule in SMILES only and list them using bullet points. No explanation is needed. '}]
AI answer 0: - C1CC[C@@H](CCc2nc([C@@H]3CSCCO3)no2)[NH2+]C1O  
- C1CC[C@@H](CCc2nc([C@@H]3CSCCO3)no2)[NH2+]C1C(=O)O  
- C1CC[C@@H](CCc2nc([C@@H]3CSCCO3)no2)[NH2+]C1N  
- C1CC[C@@H](CCc2nc([C@@H]3CSCCO3)no2)[NH2+]C1C(O)=O  
- C1CC[C@@H](CCc2nc([C@@H]3CSCCO3)no2)[NH2+]C1C(N)=O
Acc = 1/1
Sim_hit = 0.6981132075471698/1
HV = 0.4758339622641509*1/1
----------------
>>Sample 1
Message 0: [{'role': 'system', 'content': 'You are a helpful chemistry expert with extensive knowledge of drug design. '}, {'role': 'user', 'content': 'Can you make root_molecule = C#CCOc1cc(F)ccc1NC(=O)C(=O)NCCc1ccncc1C more soluble in water and decrease logP by at least 0. ? The output molecules should be similar to the input molecule. The molecule closest to the goal so far is current_best_mol = C#CCOc1cc(F)ccc1NC(=O)C(=O)NCCc1ccncc1C. Start the modification from C#CCOc1cc(F)ccc1NC(=O)C(=O)NCCc1ccncc1C.  Give me five new molecules different from root_molecule in SMILES only and list them using bullet points. No explanation is needed. '}]
AI answer 0: - C#CCOc1cc(F)ccc1NC(=O)C(=O)NCCc1cc(O)ccn1  
- C#CCOc1cc(F)ccc1NC(=O)C(=O)NCCc1cc(O)cc(O)c1  
- C#CCOc1cc(F)ccc1NC(=O)C(=O)NCCc1cc(O)ccn1C  
- C#CCOc1cc(F)ccc1NC(=O)C(=O)NCCc1cc(O)cc(O)c1C  
- C#CCOc1cc(F)ccc1NC(=O)C(=O)NCCc1cc(O)ccn1C(O)
Acc = 2/2
Sim_hit = 1.3543632075471699/2
HV = 0.8714345872641511*2/2
----------------
>>Sample 2
Message 0: [{'role': 'system', 'content': 'You are a helpful chemistry expert with extensive knowledge of drug design. '}, {'role': 'user', 'content': 'Can you make root_molecule = CCC[NH2+]Cc1ncoc1-c1c(F)cccc1F more soluble in water and decrease logP by at least 0. ? The output molecules should be similar to the input molecule. The molecule closest to the goal so far is current_best_mol = CCC[NH2+]Cc1ncoc1-c1c(F)cccc1F. Start the modification from CCC[NH2+]Cc1ncoc1-c1c(F)cccc1F.  Give me five new molecules different from root_molecule in SMILES only and list them using bullet points. No explanation is needed. '}]
AI answer 0: - CCC[NH2+]Cc1ncoc1-c1c(F)cccc1O  
- CCC[NH2+]Cc1ncoc1-c1c(F)cccc1N  
- CCC[NH2+]Cc1ncoc1-c1c(F)cccc1C(=O)O  
- CCC[NH2+]Cc1ncoc1-c1c(F)cccc1S(=O)(=O)O  
- CCC[NH2+]Cc1ncoc1-c1c(F)cccc1CN
Acc = 3/3
Sim_hit = 2.2080217441325356/3
HV = 1.2414955628739075*3/3
----------------
>>Sample 3
Message 0: [{'role': 'system', 'content': 'You are a helpful chemistry expert with extensive knowledge of drug design. '}, {'role': 'user', 'content': 'Can you make root_molecule = CCc1ccc(NC(=O)CN2C(=O)C[C@H](c3ccccc3)Sc3ccccc32)cc1 more soluble in water and decrease logP by at least 0. ? The output molecules should be similar to the input molecule. The molecule closest to the goal so far is current_best_mol = CCc1ccc(NC(=O)CN2C(=O)C[C@H](c3ccccc3)Sc3ccccc32)cc1. Start the modification from CCc1ccc(NC(=O)CN2C(=O)C[C@H](c3ccccc3)Sc3ccccc32)cc1.  Give me five new molecules different from root_molecule in SMILES only and list them using bullet points. No explanation is needed. '}]
AI answer 0: - CCc1ccc(NC(=O)CN2C(=O)C[C@H](c3ccccc3)Sc3cc(O)ccc32)cc1  
- CCc1ccc(NC(=O)CN2C(=O)C[C@H](c3ccccc3)Sc3cc(O)cc(O)c32)cc1  
- CCc1ccc(NC(=O)CN2C(=O)C[C@H](c3ccccc3)Sc3cc(O)c(O)cc32)cc1  
- CCc1ccc(NC(=O)CN2C(=O)C[C@H](c3ccccc3)Sc3c(O)ccc(O)c32)cc1  
- CCc1ccc(NC(=O)CN2C(=O)C[C@H](c3ccccc3)Sc3c(O)cc(O)cc32)cc1
Acc = 4/4
Sim_hit = 3.0183665717187425/4
HV = 1.4800610801152865*4/4
----------------
>>Sample 4
Message 0: [{'role': 'system', 'content': 'You are a helpful chemistry expert with extensive knowledge of drug design. '}, {'role': 'user', 'content': 'Can you make root_molecule = CCC[C@H]1CCc2c(sc(NC(=O)c3cccs3)c2C(N)=O)C1 more soluble in water and decrease logP by at least 0. ? The output molecules should be similar to the input molecule. The molecule closest to the goal so far is current_best_mol = CCC[C@H]1CCc2c(sc(NC(=O)c3cccs3)c2C(N)=O)C1. Start the modification from CCC[C@H]1CCc2c(sc(NC(=O)c3cccs3)c2C(N)=O)C1.  Give me five new molecules different from root_molecule in SMILES only and list them using bullet points. No explanation is needed. '}]
AI answer 0: - CCC[C@H]1CCc2c(sc(NC(=O)c3cccs3)c2C(O)=O)C1  
- CCC[C@H]1CCc2c(sc(NC(=O)c3cccs3)c2C(N)=O)C1(O)  
- CCC[C@H]1CCc2c(sc(NC(=O)c3cccs3)c2C(N)=O)C1(CO)  
- CCC[C@H]1CCc2c(sc(NC(=O)c3cccs3)c2C(N)=O)C1(CN)  
- CCC[C@H]1CCc2c(sc(NC(=O)c3cccs3)c2C(N)=O)C1(SO3H)
Message 0: [{'role': 'system', 'content': 'You are a helpful chemistry expert with extensive knowledge of drug design. '}, {'role': 'user', 'content': 'Can you make root_molecule = CCC[C@H]1CCc2c(sc(NC(=O)c3cccs3)c2C(N)=O)C1 more soluble in water and decrease logP by at least 0. ? The output molecules should be similar to the input molecule. The molecule closest to the goal so far is current_best_mol = CCC[C@H]1CCc2c(sc(NC(=O)c3cccs3)c2C(N)=O)C1. Start the modification from CCC[C@H]1CCc2c(sc(NC(=O)c3cccs3)c2C(N)=O)C1.  Give me five new molecules different from root_molecule in SMILES only and list them using bullet points. No explanation is needed. '}]
AI answer 0: - CCC[C@H]1CCc2c(sc(NC(=O)c3cccs3)c2C(O)=O)C1  
- CCC[C@H]1CCc2c(sc(NC(=O)c3cccs3)c2C(N)=O)C1(O)  
- CCC[C@H]1CCc2c(sc(NC(=O)c3cccs3)c2C(N)=O)C1(CO)  
- CCC[C@H]1CCc2c(sc(NC(=O)c3cccs3)c2C(N)=O)C1(CN)  
- CCC[C@H]1CCc2c(sc(NC(=O)c3cccs3)c2C(N)=O)C1(SO3H)
Acc = 5/5
Sim_hit = 3.685033238385409/5
HV = 1.8194610801152862*5/5
----------------
>>Sample 5
Message 0: [{'role': 'system', 'content': 'You are a helpful chemistry expert with extensive knowledge of drug design. '}, {'role': 'user', 'content': 'Can you make root_molecule = COC(=O)C(C)(C)[C@H]1CCC[NH+](Cc2nc3cc(Cl)ccc3n2C)C1 more soluble in water and decrease logP by at least 0. ? The output molecules should be similar to the input molecule. The molecule closest to the goal so far is current_best_mol = COC(=O)C(C)(C)[C@H]1CCC[NH+](Cc2nc3cc(Cl)ccc3n2C)C1. Start the modification from COC(=O)C(C)(C)[C@H]1CCC[NH+](Cc2nc3cc(Cl)ccc3n2C)C1.  Give me five new molecules different from root_molecule in SMILES only and list them using bullet points. No explanation is needed. '}]
AI answer 0: - COC(=O)C(C)(C)[C@H]1CCC[NH+](Cc2nc3cc(Cl)ccc3n2C(O))C1  
- COC(=O)C(C)(C)[C@H]1CCC[NH+](Cc2nc3cc(Cl)ccc3n2C(O)C)C1  
- COC(=O)C(C)(C)[C@H]1CCC[NH+](Cc2nc3cc(Cl)ccc3n2C(O)CC)C1  
- COC(=O)C(C)(C)[C@H]1CCC[NH+](Cc2nc3cc(Cl)ccc3n2C(O)C(O))C1  
- COC(=O)C(C)(C)[C@H]1CCC[NH+](Cc2nc3cc(Cl)ccc3n2C(O)C(O)C)C1
Acc = 6/6
Sim_hit = 4.491484851288635/6
HV = 2.2930094672120607*6/6
----------------
>>Sample 6
Message 0: [{'role': 'system', 'content': 'You are a helpful chemistry expert with extensive knowledge of drug design. '}, {'role': 'user', 'content': 'Can you make root_molecule = Cc1ccc([N+](=O)[O-])cc1OC(=O)[C@H]1CC(=O)Nc2ccccc21 more soluble in water and decrease logP by at least 0. ? The output molecules should be similar to the input molecule. The molecule closest to the goal so far is current_best_mol = Cc1ccc([N+](=O)[O-])cc1OC(=O)[C@H]1CC(=O)Nc2ccccc21. Start the modification from Cc1ccc([N+](=O)[O-])cc1OC(=O)[C@H]1CC(=O)Nc2ccccc21.  Give me five new molecules different from root_molecule in SMILES only and list them using bullet points. No explanation is needed. '}]
AI answer 0: - Cc1ccc([N+](=O)[O-])cc1OC(=O)[C@H]1CC(=O)Nc2cc(O)ccc21  
- Cc1ccc([N+](=O)[O-])cc1OC(=O)[C@H]1CC(=O)Nc2cc(O)cc(O)c21  
- Cc1ccc([N+](=O)[O-])cc1OC(=O)[C@H]1CC(=O)Nc2cc(O)c(O)cc21  
- Cc1ccc([N+](=O)[O-])cc1OC(=O)[C@H]1CC(=O)Nc2ccc(O)cc2O1  
- Cc1ccc([N+](=O)[O-])cc1OC(=O)[C@H]1CC(=O)Nc2cc(O)c(O)c(O)c21
Acc = 7/7
Sim_hit = 5.2771991370029205/7
HV = 2.524323752926347*7/7
----------------
>>Sample 7
Message 0: [{'role': 'system', 'content': 'You are a helpful chemistry expert with extensive knowledge of drug design. '}, {'role': 'user', 'content': 'Can you make root_molecule = C[C@H](NCC(C)(C)[NH+]1CCN(C)CC1)c1ccc(Cl)s1 more soluble in water and decrease logP by at least 0. ? The output molecules should be similar to the input molecule. The molecule closest to the goal so far is current_best_mol = C[C@H](NCC(C)(C)[NH+]1CCN(C)CC1)c1ccc(Cl)s1. Start the modification from C[C@H](NCC(C)(C)[NH+]1CCN(C)CC1)c1ccc(Cl)s1.  Give me five new molecules different from root_molecule in SMILES only and list them using bullet points. No explanation is needed. '}]
AI answer 0: - C[C@H](NCC(C)(C)[NH+]1CCN(C)CC1)c1ccc(Cl)s1O  
- C[C@H](NCC(C)(C)[NH+]1CCN(C)CC1)c1ccc(Cl)s1OCC(=O)O  
- C[C@H](NCC(C)(C)[NH+]1CCN(C)CC1)c1ccc(Cl)s1NC(=O)O  
- C[C@H](NCC(C)(C)[NH+]1CCN(C)CC1)c1ccc(Cl)s1OCCN  
- C[C@H](NCC(C)(C)[NH+]1CCN(C)CC1)c1ccc(Cl)s1OCC(=O)N
All nodes in last layer is invalid, Tree search process ends.
Acc = 7/7
Sim_hit = 5.2771991370029205/7
HV = 2.524323752926347*7/7
----------------
>>Sample 8
Message 0: [{'role': 'system', 'content': 'You are a helpful chemistry expert with extensive knowledge of drug design. '}, {'role': 'user', 'content': 'Can you make root_molecule = N#Cc1c(NC(=O)c2ccc(Br)nc2)sc2c1CCC2 more soluble in water and decrease logP by at least 0. ? The output molecules should be similar to the input molecule. The molecule closest to the goal so far is current_best_mol = N#Cc1c(NC(=O)c2ccc(Br)nc2)sc2c1CCC2. Start the modification from N#Cc1c(NC(=O)c2ccc(Br)nc2)sc2c1CCC2.  Give me five new molecules different from root_molecule in SMILES only and list them using bullet points. No explanation is needed. '}]
AI answer 0: - N#Cc1c(NC(=O)c2ccc(Br)nc2)sc2c1CC(O)C2  
- N#Cc1c(NC(=O)c2ccc(Br)nc2)sc2c1CC(N)C2  
- N#Cc1c(NC(=O)c2ccc(Br)nc2)sc2c1CC(O)C(O)C2  
- N#Cc1c(NC(=O)c2ccc(Br)nc2)sc2c1CC(O)C(N)C2  
- N#Cc1c(NC(=O)c2ccc(Br)nc2)sc2c1CC(O)C(O)C(O)C2
Acc = 8/8
Sim_hit = 6.007968367772151/8
HV = 3.27643144523404*8/8
----------------
>>Sample 9
Message 0: [{'role': 'system', 'content': 'You are a helpful chemistry expert with extensive knowledge of drug design. '}, {'role': 'user', 'content': 'Can you make root_molecule = Nc1c(NCc2ccccc2)ncnc1Nc1ccccc1F more soluble in water and decrease logP by at least 0. ? The output molecules should be similar to the input molecule. The molecule closest to the goal so far is current_best_mol = Nc1c(NCc2ccccc2)ncnc1Nc1ccccc1F. Start the modification from Nc1c(NCc2ccccc2)ncnc1Nc1ccccc1F.  Give me five new molecules different from root_molecule in SMILES only and list them using bullet points. No explanation is needed. '}]
AI answer 0: - Nc1c(NCc2ccccc2)ncnc1Nc1cc(O)ccc1F  
- Nc1c(NCc2ccccc2)ncnc1Nc1cc(O)ccc1F  
- Nc1c(NCc2cc(O)ccc2)ncnc1Nc1ccccc1F  
- Nc1c(NCc2ccccc2)ncnc1Nc1cc(O)ccc1F  
- Nc1c(NCc2ccccc2)ncnc1Nc1cc(O)ccc1F
Acc = 9/9
Sim_hit = 6.741301701105485/9
HV = 3.4923247785673737*9/9
----------------
>>Sample 10
Message 0: [{'role': 'system', 'content': 'You are a helpful chemistry expert with extensive knowledge of drug design. '}, {'role': 'user', 'content': 'Can you make root_molecule = O=C(NCCC(=O)N1CCCCC1)[C@H]1C[C@@H]1c1cccc(Br)c1 more soluble in water and decrease logP by at least 0. ? The output molecules should be similar to the input molecule. The molecule closest to the goal so far is current_best_mol = O=C(NCCC(=O)N1CCCCC1)[C@H]1C[C@@H]1c1cccc(Br)c1. Start the modification from O=C(NCCC(=O)N1CCCCC1)[C@H]1C[C@@H]1c1cccc(Br)c1.  Give me five new molecules different from root_molecule in SMILES only and list them using bullet points. No explanation is needed. '}]
AI answer 0: - O=C(NCCC(=O)N1CCCCC1)[C@H]1C[C@@H]1c1cccc(Br)c1O  
- O=C(NCCC(=O)N1CCCCC1)[C@H]1C[C@@H]1c1cccc(Br)c1N  
- O=C(NCCC(=O)N1CCCCC1)[C@H]1C[C@@H]1c1cccc(Br)c1C(=O)O  
- O=C(NCCC(=O)N1CCCCC1)[C@H]1C[C@@H]1c1cccc(Br)c1S(=O)(=O)O  
- O=C(NCCC(=O)N1CCCCC1)[C@H]1C[C@@H]1c1cccc(Br)c1C(O)O
Acc = 10/10
Sim_hit = 7.439414908652655/10
HV = 3.6978493068692604*10/10
----------------
>>Sample 11
Message 0: [{'role': 'system', 'content': 'You are a helpful chemistry expert with extensive knowledge of drug design. '}, {'role': 'user', 'content': 'Can you make root_molecule = CCNC(=O)c1cccc(NC(=O)NNc2ccc(Cl)nn2)c1 more soluble in water and decrease logP by at least 0. ? The output molecules should be similar to the input molecule. The molecule closest to the goal so far is current_best_mol = CCNC(=O)c1cccc(NC(=O)NNc2ccc(Cl)nn2)c1. Start the modification from CCNC(=O)c1cccc(NC(=O)NNc2ccc(Cl)nn2)c1.  Give me five new molecules different from root_molecule in SMILES only and list them using bullet points. No explanation is needed. '}]
AI answer 0: - CCNC(=O)c1cccc(NC(=O)NNc2ccc(O)nn2)c1  
- CCNC(=O)c1cccc(NC(=O)NNc2ccc(Cl)nn2)c1O  
- CCNC(=O)c1cccc(NC(=O)NNc2ccc(Cl)nn2)c1[N+](=O)[O-]  
- CCNC(=O)c1cccc(NC(=O)NNc2ccc(Cl)nn2)c1C(=O)O  
- CCNC(=O)c1cccc(NC(=O)NNc2ccc(Cl)nn2)c1C(O)O
Acc = 11/11
Sim_hit = 8.223728634142851/11
HV = 4.441221855888868*11/11
----------------
>>Sample 12
Message 0: [{'role': 'system', 'content': 'You are a helpful chemistry expert with extensive knowledge of drug design. '}, {'role': 'user', 'content': 'Can you make root_molecule = CC(C)n1nccc1NC(=O)N(C)C[C@H](O)CN1CCOCC1 more soluble in water and decrease logP by at least 0. ? The output molecules should be similar to the input molecule. The molecule closest to the goal so far is current_best_mol = CC(C)n1nccc1NC(=O)N(C)C[C@H](O)CN1CCOCC1. Start the modification from CC(C)n1nccc1NC(=O)N(C)C[C@H](O)CN1CCOCC1.  Give me five new molecules different from root_molecule in SMILES only and list them using bullet points. No explanation is needed. '}]
AI answer 0: - CC(C)n1nccc1NC(=O)N(C)C[C@H](O)CN1CCOC(O)C1  
- CC(C)n1nccc1NC(=O)N(C)C[C@H](O)CN1CC(O)COC1  
- CC(C)n1nccc1NC(=O)N(C)C[C@H](O)CN1CCOCC(O)1  
- CC(C)n1nccc1NC(=O)N(C)C[C@H](O)CN1CCOC(O)C(O)1  
- CC(C)n1nccc1NC(=O)N(C)C[C@H](O)CN1CC(O)C(O)OC1
Acc = 12/12
Sim_hit = 8.978114599055132/12
HV = 4.955411329573078*12/12
----------------
>>Sample 13
Message 0: [{'role': 'system', 'content': 'You are a helpful chemistry expert with extensive knowledge of drug design. '}, {'role': 'user', 'content': 'Can you make root_molecule = O=[N+]([O-])c1ccc(C2=NOc3cc(Cl)ccc3N2)cc1 more soluble in water and decrease logP by at least 0. ? The output molecules should be similar to the input molecule. The molecule closest to the goal so far is current_best_mol = O=[N+]([O-])c1ccc(C2=NOc3cc(Cl)ccc3N2)cc1. Start the modification from O=[N+]([O-])c1ccc(C2=NOc3cc(Cl)ccc3N2)cc1.  Give me five new molecules different from root_molecule in SMILES only and list them using bullet points. No explanation is needed. '}]
AI answer 0: - O=[N+]([O-])c1ccc(C2=NOc3cc(Cl)ccc3N2)cc1O  
- O=[N+]([O-])c1ccc(C2=NOc3cc(Cl)ccc3N2)cc1N  
- O=[N+]([O-])c1ccc(C2=NOc3cc(Cl)ccc3N2)cc1C(=O)O  
- O=[N+]([O-])c1ccc(C2=NOc3cc(Cl)ccc3N2)cc1S(=O)(=O)O  
- O=[N+]([O-])c1ccc(C2=NOc3cc(Cl)ccc3N2)cc1CN
Acc = 13/13
Sim_hit = 9.67199215007554/13
HV = 5.159688880593487*13/13
----------------
>>Sample 14
Message 0: [{'role': 'system', 'content': 'You are a helpful chemistry expert with extensive knowledge of drug design. '}, {'role': 'user', 'content': 'Can you make root_molecule = COc1cccc(NC(=O)CCCc2c(-c3ccc4ccccc4n3)[nH]c3ccc(F)cc23)c1 more soluble in water and decrease logP by at least 0. ? The output molecules should be similar to the input molecule. The molecule closest to the goal so far is current_best_mol = COc1cccc(NC(=O)CCCc2c(-c3ccc4ccccc4n3)[nH]c3ccc(F)cc23)c1. Start the modification from COc1cccc(NC(=O)CCCc2c(-c3ccc4ccccc4n3)[nH]c3ccc(F)cc23)c1.  Give me five new molecules different from root_molecule in SMILES only and list them using bullet points. No explanation is needed. '}]
AI answer 0: - COc1cccc(NC(=O)CCCc2c(-c3ccc4cc(O)ccc4n3)[nH]c3ccc(F)cc23)c1  
- COc1cccc(NC(=O)CCCc2c(-c3ccc4cc(O)ccc4n3)[nH]c3ccc(F)cc23)c1O  
- COc1cccc(NC(=O)CCCc2c(-c3ccc4cc(O)ccc4n3)[nH]c3ccc(F)cc23)c1N  
- COc1cccc(NC(=O)CCCc2c(-c3ccc4cc(O)ccc4n3)[nH]c3ccc(F)cc23)c1C(=O)O  
- COc1cccc(NC(=O)CCCc2c(-c3ccc4cc(O)ccc4n3)[nH]c3ccc(F)cc23)c1S(=O)(=O)O
Acc = 14/14
Sim_hit = 10.541557367466845/14
HV = 5.415688880593486*14/14
----------------
>>Sample 15
Message 0: [{'role': 'system', 'content': 'You are a helpful chemistry expert with extensive knowledge of drug design. '}, {'role': 'user', 'content': 'Can you make root_molecule = CSC(C)(C)CNC(=O)[C@H](C)n1c([S-])nnc1-c1cccs1 more soluble in water and decrease logP by at least 0. ? The output molecules should be similar to the input molecule. The molecule closest to the goal so far is current_best_mol = CSC(C)(C)CNC(=O)[C@H](C)n1c([S-])nnc1-c1cccs1. Start the modification from CSC(C)(C)CNC(=O)[C@H](C)n1c([S-])nnc1-c1cccs1.  Give me five new molecules different from root_molecule in SMILES only and list them using bullet points. No explanation is needed. '}]
AI answer 0: - CSC(C)(C)CNC(=O)[C@H](C)n1c([S-])nnc1-c1cc(O)cs1  
- CSC(C)(C)CNC(=O)[C@H](C)n1c([S-])nnc1-c1cc(O)cc(O)c1  
- CSC(C)(C)CNC(=O)[C@H](C)n1c([S-])nnc1-c1cc(O)c(O)cs1  
- CSC(C)(C)CNC(=O)[C@H](C)n1c([S-])nnc1-c1cc(O)c(O)c(O)c1  
- CSC(C)(C)CNC(=O)[C@H](C)n1c([S-])nnc1-c1cc(O)c(O)c(O)s1
Acc = 15/15
Sim_hit = 11.248453919190982/15
HV = 5.623799225421073*15/15
----------------
>>Sample 16
Message 0: [{'role': 'system', 'content': 'You are a helpful chemistry expert with extensive knowledge of drug design. '}, {'role': 'user', 'content': 'Can you make root_molecule = CC(C)[NH2+]Cc1cncc(N2Cc3ccccc3C2)n1 more soluble in water and decrease logP by at least 0. ? The output molecules should be similar to the input molecule. The molecule closest to the goal so far is current_best_mol = CC(C)[NH2+]Cc1cncc(N2Cc3ccccc3C2)n1. Start the modification from CC(C)[NH2+]Cc1cncc(N2Cc3ccccc3C2)n1.  Give me five new molecules different from root_molecule in SMILES only and list them using bullet points. No explanation is needed. '}]
AI answer 0: - CC(C)[NH2+]Cc1cncc(N2Cc3cc(O)ccc3C2)n1  
- CC(C)[NH2+]Cc1cncc(N2Cc3cc(O)cc(O)c3C2)n1  
- CC(C)[NH2+]Cc1cncc(N2Cc3cc(O)c(O)cc3C2)n1  
- CC(C)[NH2+]Cc1cncc(N2Cc3cc(O)c(O)c(O)c3C2)n1  
- CC(C)[NH2+]Cc1cncc(N2Cc3cc(O)c(O)c(O)c(O)c3C2)n1
Acc = 16/16
Sim_hit = 11.987584353973592/16
HV = 5.841399225421073*16/16
----------------
>>Sample 17
Message 0: [{'role': 'system', 'content': 'You are a helpful chemistry expert with extensive knowledge of drug design. '}, {'role': 'user', 'content': 'Can you make root_molecule = CC[C@H](NC(=O)NCc1ccnc(OC)c1)c1cccc(Cl)c1 more soluble in water and decrease logP by at least 0. ? The output molecules should be similar to the input molecule. The molecule closest to the goal so far is current_best_mol = CC[C@H](NC(=O)NCc1ccnc(OC)c1)c1cccc(Cl)c1. Start the modification from CC[C@H](NC(=O)NCc1ccnc(OC)c1)c1cccc(Cl)c1.  Give me five new molecules different from root_molecule in SMILES only and list them using bullet points. No explanation is needed. '}]
AI answer 0: - CC[C@H](NC(=O)NCc1ccnc(OCC(=O)O)c1)c1cccc(Cl)c1  
- CC[C@H](NC(=O)NCc1ccnc(O)c1)c1cccc(Cl)c1  
- CC[C@H](NC(=O)NCc1ccnc(OCCN)c1)c1cccc(Cl)c1  
- CC[C@H](NC(=O)NCc1ccnc(OCCCO)c1)c1cccc(Cl)c1  
- CC[C@H](NC(=O)NCc1ccnc(OCC(=O)N)c1)c1cccc(Cl)c1
Acc = 17/17
Sim_hit = 12.79460189783324/17
HV = 6.281385190333355*17/17
----------------
>>Sample 18
Message 0: [{'role': 'system', 'content': 'You are a helpful chemistry expert with extensive knowledge of drug design. '}, {'role': 'user', 'content': 'Can you make root_molecule = CN(C)C(=O)Sc1cccc(CN2C(=O)c3ccc(F)cc3C2=O)c1 more soluble in water and decrease logP by at least 0. ? The output molecules should be similar to the input molecule. The molecule closest to the goal so far is current_best_mol = CN(C)C(=O)Sc1cccc(CN2C(=O)c3ccc(F)cc3C2=O)c1. Start the modification from CN(C)C(=O)Sc1cccc(CN2C(=O)c3ccc(F)cc3C2=O)c1.  Give me five new molecules different from root_molecule in SMILES only and list them using bullet points. No explanation is needed. '}]
AI answer 0: - CN(C)C(=O)Sc1cccc(CN2C(=O)c3ccc(F)cc3C2=O)c1O  
- CN(C)C(=O)Sc1cccc(CN2C(=O)c3ccc(F)cc3C2=O)c1N  
- CN(C)C(=O)Sc1cccc(CN2C(=O)c3ccc(F)cc3C2=O)c1CO  
- CN(C)C(=O)Sc1cccc(CN2C(=O)c3ccc(F)cc3C2=O)c1SO  
- CN(C)C(=O)Sc1cccc(CN2C(=O)c3ccc(F)cc3C2=O)c1NO
Acc = 18/18
Sim_hit = 13.430965534196877/18
HV = 6.468730644878809*18/18
----------------
>>Sample 19
Message 0: [{'role': 'system', 'content': 'You are a helpful chemistry expert with extensive knowledge of drug design. '}, {'role': 'user', 'content': 'Can you make root_molecule = C[NH2+][C@](C)(C(=O)[O-])c1cccc(Cl)c1 more soluble in water and decrease logP by at least 0. ? The output molecules should be similar to the input molecule. The molecule closest to the goal so far is current_best_mol = C[NH2+][C@](C)(C(=O)[O-])c1cccc(Cl)c1. Start the modification from C[NH2+][C@](C)(C(=O)[O-])c1cccc(Cl)c1.  Give me five new molecules different from root_molecule in SMILES only and list them using bullet points. No explanation is needed. '}]
AI answer 0: - C[NH2+][C@](C)(C(=O)[O-])c1cccc(Cl)c1O  
- C[NH2+][C@](C)(C(=O)[O-])c1cccc(Cl)c1N  
- C[NH2+][C@](C)(C(=O)[O-])c1cccc(Cl)c1CO  
- C[NH2+][C@](C)(C(=O)[O-])c1cccc(Cl)c1SO3  
- C[NH2+][C@](C)(C(=O)[O-])c1cccc(Cl)c1OCCN
Acc = 19/19
Sim_hit = 13.995068098299441/19
HV = 6.6348024397506045*19/19
----------------
>>Sample 20
Message 0: [{'role': 'system', 'content': 'You are a helpful chemistry expert with extensive knowledge of drug design. '}, {'role': 'user', 'content': 'Can you make root_molecule = Cc1ccc(-c2nnco2)cc1NC(=O)N1CCO[C@@H](c2ccccc2)C1 more soluble in water and decrease logP by at least 0. ? The output molecules should be similar to the input molecule. The molecule closest to the goal so far is current_best_mol = Cc1ccc(-c2nnco2)cc1NC(=O)N1CCO[C@@H](c2ccccc2)C1. Start the modification from Cc1ccc(-c2nnco2)cc1NC(=O)N1CCO[C@@H](c2ccccc2)C1.  Give me five new molecules different from root_molecule in SMILES only and list them using bullet points. No explanation is needed. '}]
AI answer 0: - Cc1ccc(-c2nnco2)cc1NC(=O)N1CCO[C@@H](c2cc(O)ccc2)C1  
- Cc1ccc(-c2nnco2)cc1NC(=O)N1CCO[C@@H](c2cc(O)cc(O)c2)C1  
- Cc1ccc(-c2nnco2)cc1NC(=O)N1CCO[C@@H](c2cc(O)c(O)cc2)C1  
- Cc1ccc(-c2nnco2)cc1NC(=O)N1CCO[C@@H](c2cc(O)c(O)c(O)c2)C1  
- Cc1ccc(-c2nnco2)cc1NC(=O)N1CCO[C@@H](c2cc(O)c(O)c(O)c(O)c2)C1
Acc = 20/20
Sim_hit = 14.831133672069933/20
HV = 6.880940144668638*20/20
----------------
>>Sample 21
Message 0: [{'role': 'system', 'content': 'You are a helpful chemistry expert with extensive knowledge of drug design. '}, {'role': 'user', 'content': 'Can you make root_molecule = COc1cc(Br)c(S(N)(=O)=O)cc1C(=O)N[C@@H](C)Cc1cccs1 more soluble in water and decrease logP by at least 0. ? The output molecules should be similar to the input molecule. The molecule closest to the goal so far is current_best_mol = COc1cc(Br)c(S(N)(=O)=O)cc1C(=O)N[C@@H](C)Cc1cccs1. Start the modification from COc1cc(Br)c(S(N)(=O)=O)cc1C(=O)N[C@@H](C)Cc1cccs1.  Give me five new molecules different from root_molecule in SMILES only and list them using bullet points. No explanation is needed. '}]
AI answer 0: - COc1cc(Br)c(S(N)(=O)=O)cc1C(=O)N[C@@H](C(O)=O)Cc1cccs1  
- COc1cc(Br)c(S(N)(=O)=O)cc1C(=O)N[C@@H](C)Cc1cc(O)cs1  
- COc1cc(Br)c(S(N)(=O)=O)cc1C(=O)N[C@@H](C)Cc1cc(O)c(O)s1  
- COc1cc(Br)c(S(N)(=O)=O)cc1C(=O)N[C@@H](C)Cc1cc(O)c(S(N)(=O)=O)s1  
- COc1cc(Br)c(S(N)(=O)=O)cc1C(=O)N[C@@H](C)Cc1cc(O)c(N)s1
Acc = 21/21
Sim_hit = 15.638151215929582/21
HV = 7.635743653440568*21/21
----------------
>>Sample 22
