>>Sample 0
Message 0: [{'role': 'system', 'content': 'You are a helpful chemistry expert with extensive knowledge of drug design. '}, {'role': 'user', 'content': 'Can you make root_molecule = C1CC[C@@H](CCc2nc([C@@H]3CSCCO3)no2)[NH2+]C1 higher permeability and decrease tPSA by at least 10. ? The output molecules should be similar to the input molecule. The molecule closest to the goal so far is current_best_mol = C1CC[C@@H](CCc2nc([C@@H]3CSCCO3)no2)[NH2+]C1. Start the modification from C1CC[C@@H](CCc2nc([C@@H]3CSCCO3)no2)[NH2+]C1.  Give me five new molecules different from root_molecule in SMILES only and list them using bullet points. No explanation is needed. '}]
AI answer 0: - C1CC[C@@H](CCc2nc([C@@H]3CSCC(C)O3)no2)[NH2+]C1  
- C1CC[C@@H](CCc2nc([C@@H]3CSCC(C)C3)no2)[NH2+]C1  
- C1CC[C@@H](CCc2nc([C@@H]3CSCCN3)no2)[NH2+]C1  
- C1CC[C@@H](CCc2nc([C@@H]3CSCC(F)C3)no2)[NH2+]C1  
- C1CC[C@@H](CCc2nc([C@@H]3CSCC(Cl)C3)no2)[NH2+]C1
Message 0: [{'role': 'system', 'content': 'You are a helpful chemistry expert with extensive knowledge of drug design. '}, {'role': 'user', 'content': 'Can you make root_molecule = C1CC[C@@H](CCc2nc([C@@H]3CSCCO3)no2)[NH2+]C1 higher permeability and decrease tPSA by at least 10. ? The output molecules should be similar to the input molecule. The molecule closest to the goal so far is current_best_mol = C1CC[C@@H](CCc2nc([C@@H]3CSCCO3)no2)[NH2+]C1. Start the modification from C1CC[C@@H](CCc2nc([C@@H]3CSCCO3)no2)[NH2+]C1.  Give me five new molecules different from root_molecule in SMILES only and list them using bullet points. No explanation is needed. '}]
AI answer 0: - C1CC[C@@H](CCc2nc([C@@H]3CSCC(=O)O3)no2)[NH2+]C1  
- C1CC[C@@H](CCc2nc([C@@H]3CSCCN3)no2)[NH2+]C1  
- C1CC[C@@H](CCc2nc([C@@H]3CSCCS3)no2)[NH2+]C1  
- C1CC[C@@H](CCc2nc([C@@H]3CSC(C)O3)no2)[NH2+]C1  
- C1CC[C@@H](CCc2nc([C@@H]3CSCCCl3)no2)[NH2+]C1
Message 0: [{'role': 'system', 'content': 'You are a helpful chemistry expert with extensive knowledge of drug design. '}, {'role': 'user', 'content': 'Can you make root_molecule = C1CC[C@@H](CCc2nc([C@@H]3CSCCO3)no2)[NH2+]C1 higher permeability and decrease tPSA by at least 10. ? The output molecules should be similar to the input molecule. The molecule closest to the goal so far is current_best_mol = C1CC[C@@H](CCc2nc([C@@H]3CSCCO3)no2)[NH2+]C1. Start the modification from C1CC[C@@H](CCc2nc([C@@H]3CSCCO3)no2)[NH2+]C1.  Give me five new molecules different from root_molecule in SMILES only and list them using bullet points. No explanation is needed. '}]
AI answer 0: - C1CC[C@@H](CCc2nc([C@@H]3CSCC(S)3)no2)[NH2+]C1  
- C1CC[C@@H](CCc2nc([C@@H]3CSCC(O)3)no2)[NH2+]C1  
- C1CC[C@@H](CCc2nc([C@@H]3CSCC(N)3)no2)[NH2+]C1  
- C1CC[C@@H](CCc2nc([C@@H]3CSCC(Cl)3)no2)[NH2+]C1  
- C1CC[C@@H](CCc2nc([C@@H]3CSCC(F)3)no2)[NH2+]C1
Acc = 0/1
Sim_hit = 0/1
HV = 0*0/1
----------------
>>Sample 1
Message 0: [{'role': 'system', 'content': 'You are a helpful chemistry expert with extensive knowledge of drug design. '}, {'role': 'user', 'content': 'Can you make root_molecule = C#CCOc1cc(F)ccc1NC(=O)C(=O)NCCc1ccncc1C higher permeability and decrease tPSA by at least 10. ? The output molecules should be similar to the input molecule. The molecule closest to the goal so far is current_best_mol = C#CCOc1cc(F)ccc1NC(=O)C(=O)NCCc1ccncc1C. Start the modification from C#CCOc1cc(F)ccc1NC(=O)C(=O)NCCc1ccncc1C.  Give me five new molecules different from root_molecule in SMILES only and list them using bullet points. No explanation is needed. '}]
AI answer 0: - C#CCOc1cc(F)ccc1NC(=O)C(=O)NCCc1ccnc(C)c1  
- C#CCOc1cc(F)ccc1NC(=O)C(=O)NCCc1cc(C)ncc1  
- C#CCOc1cc(F)ccc1NC(=O)C(=O)NCCc1cnccc1C  
- C#CCOc1cc(F)ccc1NC(=O)C(=O)NCCc1ccnc(C)c1C  
- C#CCOc1cc(F)ccc1NC(=O)C(=O)NCCc1cc(C)nc(C)c1
Message 0: [{'role': 'system', 'content': 'You are a helpful chemistry expert with extensive knowledge of drug design. '}, {'role': 'user', 'content': 'Can you make root_molecule = C#CCOc1cc(F)ccc1NC(=O)C(=O)NCCc1ccncc1C higher permeability and decrease tPSA by at least 10. ? The output molecules should be similar to the input molecule. The molecule closest to the goal so far is current_best_mol = C#CCOc1cc(F)ccc1NC(=O)C(=O)NCCc1ccncc1C. Start the modification from C#CCOc1cc(F)ccc1NC(=O)C(=O)NCCc1ccncc1C.  Give me five new molecules different from root_molecule in SMILES only and list them using bullet points. No explanation is needed. '}]
AI answer 0: - C#CCOc1cc(F)ccc1NC(=O)C(=O)NCCc1ccnc(C)c1
- C#CCOc1cc(F)ccc1NC(=O)C(=O)NCCc1cncc1C
- C#CCOc1cc(F)ccc1NC(=O)C(=O)NCCc1ccccn1
- C#CCOc1cc(F)ccc1NC(=O)C(=O)NCCc1ncccc1
- C#CCOc1cc(F)ccc1NC(=O)C(=O)NCCc1ccnc(C)c1C
All nodes in last layer is invalid, Tree search process ends.
Acc = 0/1
Sim_hit = 0/1
HV = 0*0/1
----------------
>>Sample 2
Message 0: [{'role': 'system', 'content': 'You are a helpful chemistry expert with extensive knowledge of drug design. '}, {'role': 'user', 'content': 'Can you make root_molecule = CCC[NH2+]Cc1ncoc1-c1c(F)cccc1F higher permeability and decrease tPSA by at least 10. ? The output molecules should be similar to the input molecule. The molecule closest to the goal so far is current_best_mol = CCC[NH2+]Cc1ncoc1-c1c(F)cccc1F. Start the modification from CCC[NH2+]Cc1ncoc1-c1c(F)cccc1F.  Give me five new molecules different from root_molecule in SMILES only and list them using bullet points. No explanation is needed. '}]
ERROR: Generating results error.
